source_code/app/build/outputs/mapping/release/mapping.txt
# compiler: R8
# compiler_version: 1.5.69
# min_api: 21
# pg_map_id: f39447f
com.swctools.App -> com.swctools.App:
    void createNotificationChannel() -> a
com.swctools.Sandbox.DemoBase -> com.swctools.Sandbox.a:
    java.lang.String[] parties -> t
    android.graphics.Typeface tfRegular -> u
    android.graphics.Typeface tfLight -> v
    void saveToGallery() -> B
    void saveToGallery(com.github.mikephil.charting.charts.Chart,java.lang.String) -> a
com.swctools.Sandbox.HalfPieChartActivity -> com.swctools.Sandbox.HalfPieChartActivity:
    com.github.mikephil.charting.charts.PieChart chart -> w
    void saveToGallery() -> B
    android.text.SpannableString generateCenterSpannableText() -> C
    void moveOffScreen() -> D
    void setData(int,float) -> a
com.swctools.Sandbox.PieChartActivity -> com.swctools.Sandbox.PieChartActivity:
    android.widget.TextView tvY -> A
    com.github.mikephil.charting.charts.PieChart chart -> w
    android.widget.SeekBar seekBarY -> y
    android.widget.SeekBar seekBarX -> x
    android.widget.TextView tvX -> z
    void saveToGallery() -> B
    android.text.SpannableString generateCenterSpannableText() -> C
    void onValueSelected(com.github.mikephil.charting.data.Entry,com.github.mikephil.charting.highlight.Highlight) -> a
    void setData(int,float) -> a
    void onNothingSelected() -> m
com.swctools.activity_modules.EditLayoutJson.EditJsonRecyclerInterface -> com.swctools.activity_modules.EditLayoutJson.a:
    void saveRow(int,java.lang.String,java.lang.String,int,int) -> a
    void removeRow(int) -> o
com.swctools.activity_modules.EditLayoutJson.EditLayoutJsonActivity -> com.swctools.activity_modules.EditLayoutJson.EditLayoutJsonActivity:
    android.content.Context context -> A
    androidx.recyclerview.widget.RecyclerView layoutJson_RecyclerView -> v
    android.widget.Button addNew -> x
    android.widget.Button layoutJsonbtnScrollToBottom -> w
    java.lang.String searchString -> z
    com.google.android.material.floatingactionbutton.FloatingActionButton fabSaveLayoutJson -> B
    int layoutId -> t
    int layoutVersionId -> u
    com.swctools.activity_modules.EditLayoutJson.view_adaptors.RecyclerAdaptor_LayoutEditJson recyclerAdaptorLayoutEditJson -> y
    void saveData() -> B
    com.swctools.activity_modules.EditLayoutJson.view_adaptors.RecyclerAdaptor_LayoutEditJson access$000(com.swctools.activity_modules.EditLayoutJson.EditLayoutJsonActivity) -> a
    com.swctools.activity_modules.EditLayoutJson.view_adaptors.RecyclerAdaptor_LayoutEditJson access$002(com.swctools.activity_modules.EditLayoutJson.EditLayoutJsonActivity,com.swctools.activity_modules.EditLayoutJson.view_adaptors.RecyclerAdaptor_LayoutEditJson) -> a
    java.lang.String access$302(com.swctools.activity_modules.EditLayoutJson.EditLayoutJsonActivity,java.lang.String) -> a
    void saveRow(int,java.lang.String,java.lang.String,int,int) -> a
    androidx.recyclerview.widget.RecyclerView access$100(com.swctools.activity_modules.EditLayoutJson.EditLayoutJsonActivity) -> b
com.swctools.activity_modules.EditLayoutJson.EditLayoutJsonActivity$1 -> com.swctools.activity_modules.EditLayoutJson.EditLayoutJsonActivity$a:
    com.swctools.activity_modules.EditLayoutJson.EditLayoutJsonActivity this$0 -> e
com.swctools.activity_modules.EditLayoutJson.EditLayoutJsonActivity$2 -> com.swctools.activity_modules.EditLayoutJson.EditLayoutJsonActivity$b:
    com.swctools.activity_modules.EditLayoutJson.EditLayoutJsonActivity this$0 -> e
com.swctools.activity_modules.EditLayoutJson.EditLayoutJsonActivity$3 -> com.swctools.activity_modules.EditLayoutJson.EditLayoutJsonActivity$c:
    com.swctools.activity_modules.EditLayoutJson.EditLayoutJsonActivity this$0 -> e
    boolean onQueryTextChange(java.lang.String) -> a
    boolean onQueryTextSubmit(java.lang.String) -> b
com.swctools.activity_modules.EditLayoutJson.EditLayoutJsonActivity$SaveClicked -> com.swctools.activity_modules.EditLayoutJson.EditLayoutJsonActivity$d:
    com.swctools.activity_modules.EditLayoutJson.EditLayoutJsonActivity this$0 -> e
...
androidx.transition.Transition$TransitionListener -> b.p.m$f:
    void onTransitionPause(androidx.transition.Transition) -> a
    void onTransitionResume(androidx.transition.Transition) -> b
    void onTransitionStart(androidx.transition.Transition) -> c
    void onTransitionEnd(androidx.transition.Transition) -> d
androidx.transition.TransitionListenerAdapter -> b.p.n:
    void onTransitionPause(androidx.transition.Transition) -> a
    void onTransitionResume(androidx.transition.Transition) -> b
    void onTransitionStart(androidx.transition.Transition) -> c
androidx.transition.TransitionManager -> b.p.o:
    java.lang.ThreadLocal sRunningTransitions -> b
    androidx.transition.Transition sDefaultTransition -> a
    java.util.ArrayList sPendingTransitions -> c
    void beginDelayedTransition(android.view.ViewGroup,androidx.transition.Transition) -> a
    androidx.collection.ArrayMap getRunningTransitions() -> a
    void sceneChangeRunTransition(android.view.ViewGroup,androidx.transition.Transition) -> b
    void sceneChangeSetup(android.view.ViewGroup,androidx.transition.Transition) -> c
androidx.transition.TransitionManager$MultiListener -> b.p.o$a:
    android.view.ViewGroup mSceneRoot -> f
    androidx.transition.Transition mTransition -> e
    void removeListeners() -> a
androidx.transition.TransitionManager$MultiListener$1 -> b.p.o$a$a:
    androidx.collection.ArrayMap val$runningTransitions -> a
    androidx.transition.TransitionManager$MultiListener this$0 -> b
    void onTransitionEnd(androidx.transition.Transition) -> d
androidx.transition.TransitionPropagation -> b.p.p:
    void captureValues(androidx.transition.TransitionValues) -> a
    java.lang.String[] getPropagationProperties() -> a
    long getStartDelay(android.view.ViewGroup,androidx.transition.Transition,androidx.transition.TransitionValues,androidx.transition.TransitionValues) -> a
androidx.transition.TransitionSet -> b.p.q:
    java.util.ArrayList mTransitions -> N
    boolean mPlayTogether -> O
    boolean mStarted -> Q
    int mChangeFlags -> R
    int mCurrentListeners -> P
    androidx.transition.Transition addListener(androidx.transition.Transition$TransitionListener) -> a
    androidx.transition.TransitionSet addListener(androidx.transition.Transition$TransitionListener) -> a
    androidx.transition.Transition addTarget(android.view.View) -> a
    androidx.transition.TransitionSet addTarget(android.view.View) -> a
    androidx.transition.TransitionSet addTransition(androidx.transition.Transition) -> a
    void captureEndValues(androidx.transition.TransitionValues) -> a
    void createAnimators(android.view.ViewGroup,androidx.transition.TransitionValuesMaps,androidx.transition.TransitionValuesMaps,java.util.ArrayList,java.util.ArrayList) -> a
    androidx.transition.Transition getTransitionAt(int) -> a
    androidx.transition.Transition setDuration(long) -> a
    androidx.transition.TransitionSet setDuration(long) -> a
    void setEpicenterCallback(androidx.transition.Transition$EpicenterCallback) -> a
    androidx.transition.Transition setInterpolator(android.animation.TimeInterpolator) -> a
    androidx.transition.TransitionSet setInterpolator(android.animation.TimeInterpolator) -> a
    void setPathMotion(androidx.transition.PathMotion) -> a
    void setPropagation(androidx.transition.TransitionPropagation) -> a
androidx.transition.TransitionSet$1 -> b.p.q$a:
    androidx.transition.Transition val$nextTransition -> a
    void onTransitionEnd(androidx.transition.Transition) -> d
androidx.transition.TransitionSet$TransitionSetListener -> b.p.q$b:
    androidx.transition.TransitionSet mTransitionSet -> a
    void onTransitionStart(androidx.transition.Transition) -> c
    void onTransitionEnd(androidx.transition.Transition) -> d